<?xml version="1.0" encoding="UTF-8"?>
<!-- Generated by org.testng.reporters.JUnitReportReporter -->
<testsuite hostname="LAPTOP-G2QBD1PV" failures="0" tests="6" name="testcases.BookingSearch" time="0.028" errors="0" timestamp="2021-11-11T17:58:29 IST" skipped="0">
  <testcase classname="testcases.BookingSearch" name="searchHotel" time="0.017"/>
  <system-out/>
  <testcase classname="testcases.BookingSearch" name="selectHotel" time="0.002"/>
  <system-out/>
  <testcase classname="testcases.BookingSearch" name="enterGuestInfo" time="0.002"/>
  <system-out/>
  <testcase classname="testcases.BookingSearch" name="searchHotel" time="0.003"/>
  <system-out/>
  <testcase classname="testcases.BookingSearch" name="enterGuestInfo" time="0.003"/>
  <system-out/>
  <testcase classname="testcases.BookingSearch" name="selectHotel" time="0.001"/>
  <system-out/>
</testsuite> <!-- testcases.BookingSearch -->
