<?xml version="1.0" encoding="UTF-8"?>
<!-- Generated by org.testng.reporters.JUnitReportReporter -->
<testsuite hostname="LAPTOP-G2QBD1PV" failures="0" tests="4" name="testcases.CostomerCommunications" time="0.008" errors="0" timestamp="2021-11-11T17:58:29 IST" skipped="0">
  <testcase classname="testcases.CostomerCommunications" name="checkMobile" time="0.002"/>
  <system-out/>
  <testcase classname="testcases.CostomerCommunications" name="checkMail" time="0.002"/>
  <system-out/>
  <testcase classname="testcases.CostomerCommunications" name="checkMobile" time="0.002"/>
  <system-out/>
  <testcase classname="testcases.CostomerCommunications" name="checkMail" time="0.002"/>
  <system-out/>
</testsuite> <!-- testcases.CostomerCommunications -->
